#
# A fatal error has been detected by the Java Runtime Environment:
#
#  EXCEPTION_ACCESS_VIOLATION (0xc0000005) at pc=0x000000006541f600, pid=13180, tid=0x00000000000022f8
#
# JRE version: Java(TM) SE Runtime Environment (8.0_111-b14) (build 1.8.0_111-b14)
# Java VM: Java HotSpot(TM) 64-Bit Server VM (25.111-b14 mixed mode windows-amd64 compressed oops)
# Problematic frame:
# V  [jvm.dll+0xaf600]
#
# Failed to write core dump. Minidumps are not enabled by default on client versions of Windows
#
# If you would like to submit a bug report, please visit:
#   http://bugreport.java.com/bugreport/crash.jsp
#

---------------  T H R E A D  ---------------

Current thread (0x0000000002e7a800):  GCTaskThread [stack: 0x0000000013270000,0x0000000013370000] [id=8952]

siginfo: ExceptionCode=0xc0000005, reading address 0x0000000000000008

Registers:
RAX=0x0000000000000000, RBX=0x0000000795075048, RCX=0x0000000795075048, RDX=0x0000000000000000
RSP=0x000000001336f3c8, RBP=0x0000000000000000, RSI=0x000000001c9a53c0, RDI=0x000000001ec31150
R8 =0x000000001c9a53c0, R9 =0x0000000000000001, R10=0x000000000000000c, R11=0x000000000000000c
R12=0x00000000659c3bb8, R13=0x0000000000000000, R14=0x0000000000000000, R15=0x0000000002e7aef0
RIP=0x000000006541f600, EFLAGS=0x0000000000010246

Top of Stack: (sp=0x000000001336f3c8)
0x000000001336f3c8:   000000006576fd52 00000007950f5010
0x000000001336f3d8:   000000001c9a53c0 000000001c9a53c0
0x000000001336f3e8:   0000000065773572 000000078ad28010
0x000000001336f3f8:   0000000000001000 00000006ebceadd8
0x000000001336f408:   0000000000000400 0000000000000000
0x000000001336f418:   0000000002e6fb01 00000000659c3bb8
0x000000001336f428:   00000000657700c0 000000078ad2cea0
0x000000001336f438:   0000000000000000 000000001c9a53c0
0x000000001336f448:   000000001ec31150 000000078ad2cea0
0x000000001336f458:   0000000065770a95 000000000000000d
0x000000001336f468:   0000000065773193 00000006e9ac487c
0x000000001336f478:   0000000065482e73 00000006e9ac4879
0x000000001336f488:   00000006e9ac4879 0000bc8b0000e180
0x000000001336f498:   0000d31b00006ac8 000000078ac30010
0x000000001336f4a8:   000000006577049b 0000f613000058f0
0x000000001336f4b8:   0000d31b00006ac8 0000000002e7aee0 

Instructions: (pc=0x000000006541f600)
0x000000006541f5e0:   2c bb 1d 00 48 8b 9c 24 d0 00 00 00 48 81 c4 c0
0x000000006541f5f0:   00 00 00 5d c3 cc cc cc cc cc cc cc cc cc cc cc
0x000000006541f600:   44 8b 42 08 4c 8b ca 45 85 c0 7e 0e 41 f6 c0 01
0x000000006541f610:   75 57 41 c1 f8 03 41 8b c0 c3 79 4d 80 3d 3e bd 


Register to memory mapping:

RAX=0x0000000000000000 is an unknown value
RBX=0x0000000795075048 is an unknown value
RCX=0x0000000795075048 is an unknown value
RDX=0x0000000000000000 is an unknown value
RSP=0x000000001336f3c8 is an unknown value
RBP=0x0000000000000000 is an unknown value
RSI=0x000000001c9a53c0 is an unknown value
RDI=0x000000001ec31150 is an unknown value
R8 =0x000000001c9a53c0 is an unknown value
R9 =0x0000000000000001 is an unknown value
R10=0x000000000000000c is an unknown value
R11=0x000000000000000c is an unknown value
R12=0x00000000659c3bb8 is an unknown value
R13=0x0000000000000000 is an unknown value
R14=0x0000000000000000 is an unknown value
R15=0x0000000002e7aef0 is an unknown value


Stack: [0x0000000013270000,0x0000000013370000],  sp=0x000000001336f3c8,  free space=1020k
Native frames: (J=compiled Java code, j=interpreted, Vv=VM code, C=native code)


---------------  P R O C E S S  ---------------

Java Threads: ( => current thread )
  0x00000000014de000 JavaThread "DestroyJavaVM" [_thread_blocked, id=7140, stack(0x0000000002d60000,0x0000000002e60000)]
  0x0000000020438800 JavaThread "NodeThread[0]" [_thread_blocked, id=10004, stack(0x00000000212b0000,0x00000000213b0000)]
  0x0000000020432800 JavaThread "SenderThread_-1_0" daemon [_thread_blocked, id=9044, stack(0x00000000210b0000,0x00000000211b0000)]
  0x000000002042f800 JavaThread "SenderThread_0_-1" daemon [_thread_blocked, id=5132, stack(0x0000000020fb0000,0x00000000210b0000)]
  0x000000002042e000 JavaThread "ChannelReceiver_-1_0" daemon [_thread_in_native, id=6504, stack(0x0000000020db0000,0x0000000020eb0000)]
  0x0000000020495000 JavaThread "ChannelReceiver_0_-1" daemon [_thread_blocked, id=10772, stack(0x0000000020cb0000,0x0000000020db0000)]
  0x0000000020491800 JavaThread "MessageServerThread_0" [_thread_in_native, id=9304, stack(0x0000000020bb0000,0x0000000020cb0000)]
  0x00000000202d0000 JavaThread "MessageServerThread_-1" [_thread_in_native, id=10792, stack(0x00000000209b0000,0x0000000020ab0000)]
  0x000000001e974800 JavaThread "Service Thread" daemon [_thread_blocked, id=5488, stack(0x000000001fab0000,0x000000001fbb0000)]
  0x000000001e8dc800 JavaThread "C1 CompilerThread3" daemon [_thread_blocked, id=10280, stack(0x000000001f9b0000,0x000000001fab0000)]
  0x000000001e8db800 JavaThread "C2 CompilerThread2" daemon [_thread_blocked, id=1648, stack(0x000000001f8b0000,0x000000001f9b0000)]
  0x000000001e8da000 JavaThread "C2 CompilerThread1" daemon [_thread_blocked, id=14068, stack(0x000000001f7b0000,0x000000001f8b0000)]
  0x000000001e8cf800 JavaThread "C2 CompilerThread0" daemon [_thread_blocked, id=1220, stack(0x000000001f6b0000,0x000000001f7b0000)]
  0x000000001e8c5000 JavaThread "JDWP Command Reader" daemon [_thread_in_native, id=4636, stack(0x000000001f5b0000,0x000000001f6b0000)]
  0x000000001e8c2000 JavaThread "JDWP Event Helper Thread" daemon [_thread_blocked, id=9280, stack(0x000000001f4b0000,0x000000001f5b0000)]
  0x000000001e8b4800 JavaThread "JDWP Transport Listener: dt_socket" daemon [_thread_blocked, id=2972, stack(0x000000001f3b0000,0x000000001f4b0000)]
  0x000000001e8aa000 JavaThread "Attach Listener" daemon [_thread_blocked, id=4220, stack(0x000000001ef70000,0x000000001f070000)]
  0x000000001e8a9000 JavaThread "Signal Dispatcher" daemon [_thread_blocked, id=7796, stack(0x000000001ee70000,0x000000001ef70000)]
  0x000000001c9ae800 JavaThread "Finalizer" daemon [_thread_blocked, id=7644, stack(0x000000001ec80000,0x000000001ed80000)]
  0x000000001c9ad800 JavaThread "Reference Handler" daemon [_thread_blocked, id=11012, stack(0x000000001e780000,0x000000001e880000)]

Other Threads:
  0x000000001c9a8800 VMThread [stack: 0x000000001e680000,0x000000001e780000] [id=3316]
  0x000000001e988800 WatcherThread [stack: 0x000000001fbb0000,0x000000001fcb0000] [id=12428]

=>0x0000000002e7a800 (exited) GCTaskThread [stack: 0x0000000013270000,0x0000000013370000] [id=8952]

VM state:at safepoint (normal execution)

VM Mutex/Monitor currently owned by a thread:  ([mutex/lock_event])
[0x00000000014dd760] Threads_lock - owner thread: 0x000000001c9a8800
[0x00000000014dc9e0] Heap_lock - owner thread: 0x0000000020495000

Heap:
 PSYoungGen      total 562176K, used 562156K [0x000000076b200000, 0x00000007a4780000, 0x00000007c0000000)
  eden space 370688K, 100% used [0x000000076b200000,0x0000000781c00000,0x0000000781c00000)
  from space 191488K, 99% used [0x0000000791100000,0x000000079cbfb010,0x000000079cc00000)
  to   space 250880K, 65% used [0x0000000781c00000,0x000000078bce8010,0x0000000791100000)
 ParOldGen       total 946688K, used 698747K [0x00000006c1600000, 0x00000006fb280000, 0x000000076b200000)
  object space 946688K, 73% used [0x00000006c1600000,0x00000006ec060dd8,0x00000006fb280000)
 Metaspace       used 9896K, capacity 10180K, committed 10368K, reserved 1058816K
  class space    used 1189K, capacity 1284K, committed 1408K, reserved 1048576K

Card table byte_map: [0x0000000012320000,0x0000000012b20000] byte_map_base: 0x000000000ed15000

Marking Bits: (ParMarkBitMap*) 0x0000000065b8a6c0
 Begin Bits: [0x0000000013870000, 0x0000000017818000)
 End Bits:   [0x0000000017818000, 0x000000001b7c0000)

Polling page: 0x0000000002c90000

CodeCache: size=245760Kb used=3828Kb max_used=3840Kb free=241931Kb
 bounds [0x0000000002f60000, 0x0000000003330000, 0x0000000011f60000]
 total_blobs=1252 nmethods=915 adapters=258
 compilation: enabled

Compilation events (10 events):
Event: 69.792 Thread 0x000000001e8cf800 nmethod 911 0x0000000003317e90 code [0x0000000003317fe0, 0x0000000003318478]
Event: 69.792 Thread 0x000000001e8cf800  914       4       sun.misc.FloatingDecimal$BinaryToASCIIBuffer::getChars (502 bytes)
Event: 69.794 Thread 0x000000001e8cf800 nmethod 914 0x000000000331d150 code [0x000000000331d2a0, 0x000000000331d5d8]
Event: 69.794 Thread 0x000000001e8cf800  919       4       java.lang.Integer::stringSize (21 bytes)
Event: 69.796 Thread 0x000000001e8cf800 nmethod 919 0x0000000003316c10 code [0x0000000003316d40, 0x0000000003316e38]
Event: 69.796 Thread 0x000000001e8cf800  912       4       sun.misc.FloatingDecimal$BinaryToASCIIBuffer::developLongDigits (304 bytes)
Event: 69.798 Thread 0x000000001e8cf800 nmethod 912 0x00000000033207d0 code [0x0000000003320920, 0x0000000003320b38]
Event: 69.798 Thread 0x000000001e8cf800  918       4       java.lang.String::substring (56 bytes)
Event: 69.803 Thread 0x000000001e8cf800 nmethod 918 0x0000000003321c10 code [0x0000000003321d80, 0x0000000003322278]
Event: 69.803 Thread 0x000000001e8cf800  925       4       mthesis.concurrent_graph.vertex.AbstractVertex::toString (57 bytes)

GC Heap History (10 events):
Event: 7.054 GC heap after
Heap after GC invocations=17 (full 2):
 PSYoungGen      total 465920K, used 122365K [0x000000076b200000, 0x0000000797900000, 0x00000007c0000000)
  eden space 343552K, 0% used [0x000000076b200000,0x000000076b200000,0x0000000780180000)
  from space 122368K, 99% used [0x0000000780180000,0x00000007878ff568,0x0000000787900000)
  to   space 164352K, 0% used [0x000000078d880000,0x000000078d880000,0x0000000797900000)
 ParOldGen       total 585216K, used 387186K [0x00000006c1600000, 0x00000006e5180000, 0x000000076b200000)
  object space 585216K, 66% used [0x00000006c1600000,0x00000006d901cb78,0x00000006e5180000)
 Metaspace       used 9780K, capacity 10020K, committed 10240K, reserved 1058816K
  class space    used 1177K, capacity 1252K, committed 1280K, reserved 1048576K
}
Event: 7.243 GC heap before
{Heap before GC invocations=18 (full 2):
 PSYoungGen      total 465920K, used 465917K [0x000000076b200000, 0x0000000797900000, 0x00000007c0000000)
  eden space 343552K, 100% used [0x000000076b200000,0x0000000780180000,0x0000000780180000)
  from space 122368K, 99% used [0x0000000780180000,0x00000007878ff568,0x0000000787900000)
  to   space 164352K, 0% used [0x000000078d880000,0x000000078d880000,0x0000000797900000)
 ParOldGen       total 585216K, used 387186K [0x00000006c1600000, 0x00000006e5180000, 0x000000076b200000)
  object space 585216K, 66% used [0x00000006c1600000,0x00000006d901cb78,0x00000006e5180000)
 Metaspace       used 9780K, capacity 10020K, committed 10240K, reserved 1058816K
  class space    used 1177K, capacity 1252K, committed 1280K, reserved 1048576K
Event: 7.362 GC heap after
Heap after GC invocations=18 (full 2):
 PSYoungGen      total 557056K, used 102368K [0x000000076b200000, 0x0000000798f00000, 0x00000007c0000000)
  eden space 392704K, 0% used [0x000000076b200000,0x000000076b200000,0x0000000783180000)
  from space 164352K, 62% used [0x000000078d880000,0x0000000793c78000,0x0000000797900000)
  to   space 171008K, 0% used [0x0000000783180000,0x0000000783180000,0x000000078d880000)
 ParOldGen       total 585216K, used 510080K [0x00000006c1600000, 0x00000006e5180000, 0x000000076b200000)
  object space 585216K, 87% used [0x00000006c1600000,0x00000006e08200e0,0x00000006e5180000)
 Metaspace       used 9780K, capacity 10020K, committed 10240K, reserved 1058816K
  class space    used 1177K, capacity 1252K, committed 1280K, reserved 1048576K
}
Event: 7.362 GC heap before
{Heap before GC invocations=19 (full 3):
 PSYoungGen      total 557056K, used 102368K [0x000000076b200000, 0x0000000798f00000, 0x00000007c0000000)
  eden space 392704K, 0% used [0x000000076b200000,0x000000076b200000,0x0000000783180000)
  from space 164352K, 62% used [0x000000078d880000,0x0000000793c78000,0x0000000797900000)
  to   space 171008K, 0% used [0x0000000783180000,0x0000000783180000,0x000000078d880000)
 ParOldGen       total 585216K, used 510080K [0x00000006c1600000, 0x00000006e5180000, 0x000000076b200000)
  object space 585216K, 87% used [0x00000006c1600000,0x00000006e08200e0,0x00000006e5180000)
 Metaspace       used 9780K, capacity 10020K, committed 10240K, reserved 1058816K
  class space    used 1177K, capacity 1252K, committed 1280K, reserved 1048576K
Event: 9.833 GC heap after
Heap after GC invocations=19 (full 3):
 PSYoungGen      total 557056K, used 23860K [0x000000076b200000, 0x0000000798f00000, 0x00000007c0000000)
  eden space 392704K, 0% used [0x000000076b200000,0x000000076b200000,0x0000000783180000)
  from space 164352K, 14% used [0x000000078d880000,0x000000078efcd210,0x0000000797900000)
  to   space 171008K, 0% used [0x0000000783180000,0x0000000783180000,0x000000078d880000)
 ParOldGen       total 946688K, used 585087K [0x00000006c1600000, 0x00000006fb280000, 0x000000076b200000)
  object space 946688K, 61% used [0x00000006c1600000,0x00000006e515fdc8,0x00000006fb280000)
 Metaspace       used 9780K, capacity 10020K, committed 10240K, reserved 1058816K
  class space    used 1177K, capacity 1252K, committed 1280K, reserved 1048576K
}
Event: 10.048 GC heap before
{Heap before GC invocations=20 (full 3):
 PSYoungGen      total 557056K, used 416564K [0x000000076b200000, 0x0000000798f00000, 0x00000007c0000000)
  eden space 392704K, 100% used [0x000000076b200000,0x0000000783180000,0x0000000783180000)
  from space 164352K, 14% used [0x000000078d880000,0x000000078efcd210,0x0000000797900000)
  to   space 171008K, 0% used [0x0000000783180000,0x0000000783180000,0x000000078d880000)
 ParOldGen       total 946688K, used 585087K [0x00000006c1600000, 0x00000006fb280000, 0x000000076b200000)
  object space 946688K, 61% used [0x00000006c1600000,0x00000006e515fdc8,0x00000006fb280000)
 Metaspace       used 9780K, capacity 10020K, committed 10240K, reserved 1058816K
  class space    used 1177K, capacity 1252K, committed 1280K, reserved 1048576K
Event: 10.169 GC heap after
Heap after GC invocations=20 (full 3):
 PSYoungGen      total 563712K, used 144940K [0x000000076b200000, 0x000000079cc00000, 0x00000007c0000000)
  eden space 392704K, 0% used [0x000000076b200000,0x000000076b200000,0x0000000783180000)
  from space 171008K, 84% used [0x0000000783180000,0x000000078bf0b010,0x000000078d880000)
  to   space 191488K, 0% used [0x0000000791100000,0x0000000791100000,0x000000079cc00000)
 ParOldGen       total 946688K, used 585087K [0x00000006c1600000, 0x00000006fb280000, 0x000000076b200000)
  object space 946688K, 61% used [0x00000006c1600000,0x00000006e515fdc8,0x00000006fb280000)
 Metaspace       used 9780K, capacity 10020K, committed 10240K, reserved 1058816K
  class space    used 1177K, capacity 1252K, committed 1280K, reserved 1048576K
}
Event: 10.401 GC heap before
{Heap before GC invocations=21 (full 3):
 PSYoungGen      total 563712K, used 537644K [0x000000076b200000, 0x000000079cc00000, 0x00000007c0000000)
  eden space 392704K, 100% used [0x000000076b200000,0x0000000783180000,0x0000000783180000)
  from space 171008K, 84% used [0x0000000783180000,0x000000078bf0b010,0x000000078d880000)
  to   space 191488K, 0% used [0x0000000791100000,0x0000000791100000,0x000000079cc00000)
 ParOldGen       total 946688K, used 585087K [0x00000006c1600000, 0x00000006fb280000, 0x000000076b200000)
  object space 946688K, 61% used [0x00000006c1600000,0x00000006e515fdc8,0x00000006fb280000)
 Metaspace       used 9780K, capacity 10020K, committed 10240K, reserved 1058816K
  class space    used 1177K, capacity 1252K, committed 1280K, reserved 1048576K
Event: 10.557 GC heap after
Heap after GC invocations=21 (full 3):
 PSYoungGen      total 562176K, used 191468K [0x000000076b200000, 0x00000007a4780000, 0x00000007c0000000)
  eden space 370688K, 0% used [0x000000076b200000,0x000000076b200000,0x0000000781c00000)
  from space 191488K, 99% used [0x0000000791100000,0x000000079cbfb010,0x000000079cc00000)
  to   space 250880K, 0% used [0x0000000781c00000,0x0000000781c00000,0x0000000791100000)
 ParOldGen       total 946688K, used 656655K [0x00000006c1600000, 0x00000006fb280000, 0x000000076b200000)
  object space 946688K, 69% used [0x00000006c1600000,0x00000006e9743dc8,0x00000006fb280000)
 Metaspace       used 9780K, capacity 10020K, committed 10240K, reserved 1058816K
  class space    used 1177K, capacity 1252K, committed 1280K, reserved 1048576K
}
Event: 69.805 GC heap before
{Heap before GC invocations=22 (full 3):
 PSYoungGen      total 562176K, used 562156K [0x000000076b200000, 0x00000007a4780000, 0x00000007c0000000)
  eden space 370688K, 100% used [0x000000076b200000,0x0000000781c00000,0x0000000781c00000)
  from space 191488K, 99% used [0x0000000791100000,0x000000079cbfb010,0x000000079cc00000)
  to   space 250880K, 0% used [0x0000000781c00000,0x0000000781c00000,0x0000000791100000)
 ParOldGen       total 946688K, used 656655K [0x00000006c1600000, 0x00000006fb280000, 0x000000076b200000)
  object space 946688K, 69% used [0x00000006c1600000,0x00000006e9743dc8,0x00000006fb280000)
 Metaspace       used 9896K, capacity 10180K, committed 10368K, reserved 1058816K
  class space    used 1189K, capacity 1284K, committed 1408K, reserved 1048576K

Deoptimization events (9 events):
Event: 0.590 Thread 0x00000000014de000 Uncommon trap: reason=unstable_if action=reinterpret pc=0x0000000003148594 method=sun.misc.MetaIndex.mayContain(Ljava/lang/String;)Z @ 38
Event: 0.859 Thread 0x00000000202cf800 Uncommon trap: reason=unstable_if action=reinterpret pc=0x0000000003204e4c method=java.nio.charset.CharsetEncoder.encode(Ljava/nio/CharBuffer;Ljava/nio/ByteBuffer;Z)Ljava/nio/charset/CoderResult; @ 1
Event: 2.163 Thread 0x00000000202cf800 Uncommon trap: reason=unstable_if action=reinterpret pc=0x00000000032325ec method=mthesis.concurrent_graph.master.input.BlockInputPartitioner.partition(Ljava/lang/String;Ljava/lang/String;Ljava/util/List;)Ljava/util/Map; @ 156
Event: 2.234 Thread 0x0000000020432800 Uncommon trap: reason=unstable_if action=reinterpret pc=0x00000000030cc638 method=java.lang.String.indexOf([CII[CIII)I @ 3
Event: 2.256 Thread 0x0000000020438800 Uncommon trap: reason=unstable_if action=reinterpret pc=0x0000000003236f8c method=java.nio.charset.CharsetDecoder.decode(Ljava/nio/ByteBuffer;Ljava/nio/CharBuffer;Z)Ljava/nio/charset/CoderResult; @ 15
Event: 2.328 Thread 0x0000000020438800 Uncommon trap: reason=array_check action=maybe_recompile pc=0x000000000329d278 method=java.util.AbstractCollection.toArray([Ljava/lang/Object;)[Ljava/lang/Object; @ 119
Event: 2.328 Thread 0x0000000020438800 Uncommon trap: reason=array_check action=maybe_recompile pc=0x000000000329d278 method=java.util.AbstractCollection.toArray([Ljava/lang/Object;)[Ljava/lang/Object; @ 119
Event: 2.328 Thread 0x0000000020438800 Uncommon trap: reason=array_check action=maybe_recompile pc=0x000000000329d278 method=java.util.AbstractCollection.toArray([Ljava/lang/Object;)[Ljava/lang/Object; @ 119
Event: 2.328 Thread 0x0000000020438800 Uncommon trap: reason=array_check action=maybe_recompile pc=0x000000000329d278 method=java.util.AbstractCollection.toArray([Ljava/lang/Object;)[Ljava/lang/Object; @ 119

Internal exceptions (10 events):
Event: 0.614 Thread 0x00000000014de000 Exception <a 'java/lang/ClassNotFoundException': mthesis/concurrent_graph/logging/ErrOutFilterCustomizer> (0x000000076bc7b010) thrown at [C:\re\workspace\8-2-build-windows-amd64-cygwin\jdk8u111\7883\hotspot\src\share\vm\classfile\systemDictionary.cpp, lin
Event: 0.614 Thread 0x00000000014de000 Exception <a 'java/lang/ArrayIndexOutOfBoundsException'> (0x000000076bc7dc30) thrown at [C:\re\workspace\8-2-build-windows-amd64-cygwin\jdk8u111\7883\hotspot\src\share\vm\runtime\sharedRuntime.cpp, line 605]
Event: 0.618 Thread 0x00000000014de000 Exception <a 'java/lang/ClassNotFoundException': ch/qos/logback/core/FileAppenderBeanInfo> (0x000000076bc9c988) thrown at [C:\re\workspace\8-2-build-windows-amd64-cygwin\jdk8u111\7883\hotspot\src\share\vm\classfile\systemDictionary.cpp, line 210]
Event: 0.619 Thread 0x00000000014de000 Exception <a 'java/lang/ClassNotFoundException': ch/qos/logback/core/FileAppenderCustomizer> (0x000000076bca1190) thrown at [C:\re\workspace\8-2-build-windows-amd64-cygwin\jdk8u111\7883\hotspot\src\share\vm\classfile\systemDictionary.cpp, line 210]
Event: 0.619 Thread 0x00000000014de000 Exception <a 'java/lang/ArrayIndexOutOfBoundsException'> (0x000000076bca4df8) thrown at [C:\re\workspace\8-2-build-windows-amd64-cygwin\jdk8u111\7883\hotspot\src\share\vm\runtime\sharedRuntime.cpp, line 605]
Event: 0.622 Thread 0x00000000014de000 Exception <a 'java/lang/ClassNotFoundException': ch/qos/logback/classic/filter/ThresholdFilterBeanInfo> (0x000000076bcbb3f0) thrown at [C:\re\workspace\8-2-build-windows-amd64-cygwin\jdk8u111\7883\hotspot\src\share\vm\classfile\systemDictionary.cpp, line 
Event: 0.622 Thread 0x00000000014de000 Exception <a 'java/lang/ClassNotFoundException': ch/qos/logback/classic/filter/ThresholdFilterCustomizer> (0x000000076bcc0370) thrown at [C:\re\workspace\8-2-build-windows-amd64-cygwin\jdk8u111\7883\hotspot\src\share\vm\classfile\systemDictionary.cpp, lin
Event: 0.622 Thread 0x00000000014de000 Exception <a 'java/lang/ArrayIndexOutOfBoundsException'> (0x000000076bcc3960) thrown at [C:\re\workspace\8-2-build-windows-amd64-cygwin\jdk8u111\7883\hotspot\src\share\vm\runtime\sharedRuntime.cpp, line 605]
Event: 0.698 Thread 0x00000000014de000 Exception <a 'java/lang/NoSuchFieldError': method resolution failed> (0x000000076c1d4fb0) thrown at [C:\re\workspace\8-2-build-windows-amd64-cygwin\jdk8u111\7883\hotspot\src\share\vm\prims\methodHandles.cpp, line 1146]
Event: 0.703 Thread 0x00000000014de000 Exception <a 'java/lang/NoSuchFieldError': method resolution failed> (0x000000076c1e22d0) thrown at [C:\re\workspace\8-2-build-windows-amd64-cygwin\jdk8u111\7883\hotspot\src\share\vm\prims\methodHandles.cpp, line 1146]

Events (10 events):
Event: 69.748 Thread 0x0000000020495000 DEOPT UNPACKING pc=0x0000000002fa787f sp=0x0000000020dac060 mode 1
Event: 69.748 Thread 0x0000000020495000 DEOPT PACKING pc=0x00000000030b01c4 sp=0x0000000020dac390
Event: 69.748 Thread 0x0000000020495000 DEOPT UNPACKING pc=0x0000000002fa787f sp=0x0000000020dac1b0 mode 1
Event: 69.748 Thread 0x0000000020495000 DEOPT PACKING pc=0x00000000030aff5c sp=0x0000000020dac520
Event: 69.748 Thread 0x0000000020495000 DEOPT UNPACKING pc=0x0000000002fa787f sp=0x0000000020dac340 mode 1
Event: 69.748 loading class sun/misc/FDBigInteger
Event: 69.749 loading class sun/misc/FDBigInteger done
Event: 69.790 Thread 0x0000000020495000 DEOPT PACKING pc=0x00000000032ed52c sp=0x0000000020dae380
Event: 69.790 Thread 0x0000000020495000 DEOPT UNPACKING pc=0x0000000002fa787f sp=0x0000000020dae0d0 mode 0
Event: 69.805 Executing VM operation: ParallelGCFailedAllocation


Dynamic libraries:
0x00007ff6249e0000 - 0x00007ff624a17000 	C:\Program Files\Java\jre1.8.0_111\bin\javaw.exe
0x00007ff95cc50000 - 0x00007ff95ce21000 	C:\WINDOWS\SYSTEM32\ntdll.dll
0x00007ff95cba0000 - 0x00007ff95cc4b000 	C:\WINDOWS\System32\KERNEL32.DLL
0x00007ff959fc0000 - 0x00007ff95a1dd000 	C:\WINDOWS\System32\KERNELBASE.dll
0x00007ff95adc0000 - 0x00007ff95ae62000 	C:\WINDOWS\System32\ADVAPI32.dll
0x00007ff95a1e0000 - 0x00007ff95a27e000 	C:\WINDOWS\System32\msvcrt.dll
0x00007ff95c540000 - 0x00007ff95c599000 	C:\WINDOWS\System32\sechost.dll
0x00007ff95a440000 - 0x00007ff95a561000 	C:\WINDOWS\System32\RPCRT4.dll
0x00007ff95c600000 - 0x00007ff95c765000 	C:\WINDOWS\System32\USER32.dll
0x00007ff959d90000 - 0x00007ff959dae000 	C:\WINDOWS\System32\win32u.dll
0x00007ff95a400000 - 0x00007ff95a434000 	C:\WINDOWS\System32\GDI32.dll
0x00007ff9599c0000 - 0x00007ff959b42000 	C:\WINDOWS\System32\gdi32full.dll
0x00007ff946370000 - 0x00007ff9465e9000 	C:\WINDOWS\WinSxS\amd64_microsoft.windows.common-controls_6595b64144ccf1df_6.0.14393.447_none_42191651c6827bb3\COMCTL32.dll
0x00007ff95a6a0000 - 0x00007ff95a968000 	C:\WINDOWS\System32\combase.dll
0x00007ff9591e0000 - 0x00007ff9592d5000 	C:\WINDOWS\System32\ucrtbase.dll
0x00007ff959b50000 - 0x00007ff959bba000 	C:\WINDOWS\System32\bcryptPrimitives.dll
0x00007ff95a570000 - 0x00007ff95a59e000 	C:\WINDOWS\System32\IMM32.DLL
0x00007ff958fc0000 - 0x00007ff958ff0000 	C:\WINDOWS\system32\DriverStore\FileRepository\nvami.inf_amd64_3467e5de57f04267\nvinitx.dll
0x00007ff958fb0000 - 0x00007ff958fba000 	C:\WINDOWS\SYSTEM32\VERSION.dll
0x00007ff95afc0000 - 0x00007ff95c4c9000 	C:\WINDOWS\System32\Shell32.dll
0x00007ff959db0000 - 0x00007ff959df2000 	C:\WINDOWS\System32\cfgmgr32.dll
0x00007ff9592e0000 - 0x00007ff9599ba000 	C:\WINDOWS\System32\windows.storage.dll
0x00007ff9590b0000 - 0x00007ff9590fc000 	C:\WINDOWS\System32\powrprof.dll
0x00007ff95a5a0000 - 0x00007ff95a5f2000 	C:\WINDOWS\System32\shlwapi.dll
0x00007ff959110000 - 0x00007ff95911f000 	C:\WINDOWS\System32\kernel.appcore.dll
0x00007ff959f10000 - 0x00007ff959fb9000 	C:\WINDOWS\System32\shcore.dll
0x00007ff959120000 - 0x00007ff959134000 	C:\WINDOWS\System32\profapi.dll
0x0000000067520000 - 0x0000000067526000 	C:\Program Files\NVIDIA Corporation\CoProcManager\_etoured.dll
0x00007ff955dd0000 - 0x00007ff955e0b000 	C:\Program Files\NVIDIA Corporation\CoProcManager\nvd3d9wrapx.dll
0x00007ff95c770000 - 0x00007ff95cb99000 	C:\WINDOWS\System32\SETUPAPI.dll
0x00007ff955da0000 - 0x00007ff955dc4000 	C:\Program Files\NVIDIA Corporation\CoProcManager\nvdxgiwrapx.dll
0x0000000065110000 - 0x00000000651e2000 	C:\Program Files\Java\jre1.8.0_111\bin\msvcr100.dll
0x0000000065370000 - 0x0000000065c0a000 	C:\Program Files\Java\jre1.8.0_111\bin\server\jvm.dll
0x00007ff95afb0000 - 0x00007ff95afb8000 	C:\WINDOWS\System32\PSAPI.DLL
0x00007ff93bb00000 - 0x00007ff93bb09000 	C:\WINDOWS\SYSTEM32\WSOCK32.dll
0x00007ff957080000 - 0x00007ff9570a3000 	C:\WINDOWS\SYSTEM32\WINMM.dll
0x00007ff95aa40000 - 0x00007ff95aaaa000 	C:\WINDOWS\System32\WS2_32.dll
0x00007ff957020000 - 0x00007ff95704b000 	C:\WINDOWS\SYSTEM32\WINMMBASE.dll
0x0000000066140000 - 0x000000006614f000 	C:\Program Files\Java\jre1.8.0_111\bin\verify.dll
0x0000000066110000 - 0x0000000066139000 	C:\Program Files\Java\jre1.8.0_111\bin\java.dll
0x00000000650d0000 - 0x0000000065105000 	C:\Program Files\Java\jre1.8.0_111\bin\jdwp.dll
0x0000000066400000 - 0x0000000066408000 	C:\Program Files\Java\jre1.8.0_111\bin\npt.dll
0x0000000065270000 - 0x0000000065286000 	C:\Program Files\Java\jre1.8.0_111\bin\zip.dll
0x00000000663f0000 - 0x00000000663f9000 	C:\Program Files\Java\jre1.8.0_111\bin\dt_socket.dll
0x00007ff947780000 - 0x00007ff947796000 	C:\WINDOWS\system32\napinsp.dll
0x00007ff947760000 - 0x00007ff94777a000 	C:\WINDOWS\system32\pnrpnsp.dll
0x00007ff956c70000 - 0x00007ff956c88000 	C:\WINDOWS\system32\NLAapi.dll
0x00007ff958870000 - 0x00007ff9588cc000 	C:\WINDOWS\System32\mswsock.dll
0x00007ff958640000 - 0x00007ff9586e0000 	C:\WINDOWS\SYSTEM32\DNSAPI.dll
0x00007ff95aa30000 - 0x00007ff95aa38000 	C:\WINDOWS\System32\NSI.dll
0x00007ff958600000 - 0x00007ff958638000 	C:\WINDOWS\SYSTEM32\IPHLPAPI.DLL
0x00007ff947750000 - 0x00007ff94775e000 	C:\WINDOWS\System32\winrnr.dll
0x00007ff952610000 - 0x00007ff95267a000 	C:\WINDOWS\System32\fwpuclnt.dll
0x00007ff958ff0000 - 0x00007ff95901b000 	C:\WINDOWS\SYSTEM32\bcrypt.dll
0x00007ff951150000 - 0x00007ff95115a000 	C:\Windows\System32\rasadhlp.dll
0x0000000065250000 - 0x000000006526a000 	C:\Program Files\Java\jre1.8.0_111\bin\net.dll
0x0000000065230000 - 0x0000000065241000 	C:\Program Files\Java\jre1.8.0_111\bin\nio.dll
0x00007ff94c820000 - 0x00007ff94c9b2000 	C:\WINDOWS\SYSTEM32\dbghelp.dll

VM Arguments:
jvm_args: -agentlib:jdwp=transport=dt_socket,suspend=y,address=localhost:54848 -Dfile.encoding=UTF-8 
java_command: mthesis.concurrent_graph.examples.sssp.SSSPTest configs/local4.txt ../../../ConcurrentGraph_Data2/converted/roadNet-PA.txt 20000
java_class_path (initial): C:\Users\jonas\Projekte\ConcurrentGraph\ConcurrentGraph\concurrent-graph\target\classes;C:\Users\jonas\.m2\repository\com\google\protobuf\protobuf-java\3.1.0\protobuf-java-3.1.0.jar;C:\Users\jonas\.m2\repository\org\slf4j\slf4j-api\1.6.6\slf4j-api-1.6.6.jar;C:\Users\jonas\.m2\repository\ch\qos\logback\logback-classic\1.0.9\logback-classic-1.0.9.jar;C:\Users\jonas\.m2\repository\ch\qos\logback\logback-core\1.0.9\logback-core-1.0.9.jar;C:\Users\jonas\.m2\repository\it\unimi\dsi\fastutil\7.0.13\fastutil-7.0.13.jar
Launcher Type: SUN_STANDARD

Environment Variables:
PATH=C:/Program Files/Java/jre1.8.0_111/bin/server;C:/Program Files/Java/jre1.8.0_111/bin;C:/Program Files/Java/jre1.8.0_111/lib/amd64;C:\ProgramData\Oracle\Java\javapath;C:\WINDOWS\system32;C:\WINDOWS;C:\WINDOWS\System32\Wbem;C:\WINDOWS\System32\WindowsPowerShell\v1.0\;C:\Program Files (x86)\NVIDIA Corporation\PhysX\Common;C:\WINDOWS\system32\config\systemprofile\.dnx\bin;C:\Program Files\Microsoft DNX\Dnvm\;C:\Program Files\Microsoft SQL Server\130\Tools\Binn\;C:\Program Files (x86)\GtkSharp\2.12\bin;C:\Program Files\TortoiseGit\bin;C:\Program Files\TortoiseHg\;C:\Program Files\Git\cmd;C:\Program Files\TortoiseSVN\bin;C:\Program Files (x86)\Skype\Phone\;C:\Program Files\MiKTeX 2.9\miktex\bin\x64\;C:\Users\jonas\AppData\Local\Microsoft\WindowsApps;;C:\WINDOWS\system32;
USERNAME=jonas
OS=Windows_NT
PROCESSOR_IDENTIFIER=Intel64 Family 6 Model 42 Stepping 7, GenuineIntel



---------------  S Y S T E M  ---------------

OS: Windows 10.0 , 64 bit Build 14393 (10.0.14393.0)

CPU:total 8 (4 cores per cpu, 2 threads per core) family 6 model 42 stepping 7, cmov, cx8, fxsr, mmx, sse, sse2, sse3, ssse3, sse4.1, sse4.2, popcnt, avx, aes, clmul, ht, tsc, tscinvbit

Memory: 4k page, physical 16679996k(9032636k free), swap 19170364k(10881296k free)

vm_info: Java HotSpot(TM) 64-Bit Server VM (25.111-b14) for windows-amd64 JRE (1.8.0_111-b14), built on Sep 22 2016 19:24:05 by "java_re" with MS VC++ 10.0 (VS2010)

time: Fri Jan 13 13:39:11 2017
elapsed time: 69 seconds (0d 0h 1m 9s)

